<?xml version="1.0" encoding="UTF-8"?>
<testsuite xmlns:xsi="http://www.w3.org/2001/XMLSchema-instance" xsi:noNamespaceSchemaLocation="https://maven.apache.org/surefire/maven-surefire-plugin/xsd/surefire-test-report.xsd" version="3.0.2" name="com.cypcode.transfer_service.ApplicationTests" time="21.601" tests="1" errors="0" skipped="0" failures="0">
  <properties>
[...]
</properties>
  <testcase name="contextLoads" classname="com.cypcode.transfer_service.ApplicationTests" time="1.052">
    <system-out><![CDATA[20:40:36.039 [main] INFO org.springframework.test.context.support.AnnotationConfigContextLoaderUtils -- Could not detect default configuration classes for test class [com.cypcode.transfer_service.ApplicationTests]: ApplicationTests does not declare any static, non-private, non-final, nested classes annotated with @Configuration.
20:40:36.380 [main] INFO org.springframework.boot.test.context.SpringBootTestContextBootstrapper -- Found @SpringBootConfiguration com.cypcode.transfer_service.Application for test class com.cypcode.transfer_service.ApplicationTests
20:40:36.893 [main] INFO org.springframework.boot.devtools.restart.RestartApplicationListener -- Restart disabled due to context in which it is running

  .   ____          _            __ _ _
 /\\ / ___'_ __ _ _(_)_ __  __ _ \ \ \ \
( ( )\___ | '_ | '_| | '_ \/ _` | \ \ \ \
 \\/  ___)| |_)| | | | | || (_| |  ) ) ) )
  '  |____| .__|_| |_|_| |_\__, | / / / /
 =========|_|==============|___/=/_/_/_/

 :: Spring Boot ::                (v3.5.4)

2025-08-08T20:40:37.872+02:00  INFO 3760 --- [transfer-service] [           main] c.c.transfer_service.ApplicationTests    : Starting ApplicationTests using Java 22.0.1 with PID 3760 (started by nkululekog in /Users/nkululekog/Documents/Projects/Cypcode/Cypcode Studios/transfer-service)
2025-08-08T20:40:37.874+02:00  INFO 3760 --- [transfer-service] [           main] c.c.transfer_service.ApplicationTests    : No active profile set, falling back to 1 default profile: "default"
2025-08-08T20:40:41.357+02:00  INFO 3760 --- [transfer-service] [           main] .s.d.r.c.RepositoryConfigurationDelegate : Bootstrapping Spring Data JPA repositories in DEFAULT mode.
2025-08-08T20:40:41.494+02:00  INFO 3760 --- [transfer-service] [           main] .s.d.r.c.RepositoryConfigurationDelegate : Finished Spring Data repository scanning in 102 ms. Found 1 JPA repository interface.
2025-08-08T20:40:42.178+02:00  INFO 3760 --- [transfer-service] [           main] o.s.cloud.context.scope.GenericScope     : BeanFactory id=b03277c8-0755-3b42-97af-4ac53f3fb6f1
2025-08-08T20:40:43.610+02:00  INFO 3760 --- [transfer-service] [           main] com.zaxxer.hikari.HikariDataSource       : HikariPool-1 - Starting...
2025-08-08T20:40:44.203+02:00  INFO 3760 --- [transfer-service] [           main] com.zaxxer.hikari.pool.HikariPool        : HikariPool-1 - Added connection conn0: url=jdbc:h2:mem:ledgerdb user=SA
2025-08-08T20:40:44.207+02:00  INFO 3760 --- [transfer-service] [           main] com.zaxxer.hikari.HikariDataSource       : HikariPool-1 - Start completed.
2025-08-08T20:40:44.390+02:00  INFO 3760 --- [transfer-service] [           main] liquibase.database                       : Set default schema name to PUBLIC
2025-08-08T20:40:45.560+02:00  INFO 3760 --- [transfer-service] [           main] liquibase.changelog                      : Creating database history table with name: PUBLIC.DATABASECHANGELOG
2025-08-08T20:40:45.795+02:00  INFO 3760 --- [transfer-service] [           main] liquibase.changelog                      : Reading from PUBLIC.DATABASECHANGELOG
2025-08-08T20:40:45.941+02:00  INFO 3760 --- [transfer-service] [           main] liquibase.lockservice                    : Successfully acquired change log lock
2025-08-08T20:40:45.943+02:00  INFO 3760 --- [transfer-service] [           main] liquibase.command                        : Using deploymentId: 4678445942
2025-08-08T20:40:45.946+02:00  INFO 3760 --- [transfer-service] [           main] liquibase.changelog                      : Reading from PUBLIC.DATABASECHANGELOG
2025-08-08T20:40:45.979+02:00  INFO 3760 --- [transfer-service] [           main] liquibase.ui                             : Running Changeset: db/changelog/init-db.xml::10::nkululekog
2025-08-08T20:40:45.993+02:00  INFO 3760 --- [transfer-service] [           main] liquibase.changelog                      : Table idempotency created
2025-08-08T20:40:45.995+02:00  INFO 3760 --- [transfer-service] [           main] liquibase.changelog                      : ChangeSet db/changelog/init-db.xml::10::nkululekog ran successfully in 14ms
2025-08-08T20:40:46.013+02:00  INFO 3760 --- [transfer-service] [           main] liquibase.util                           : UPDATE SUMMARY
2025-08-08T20:40:46.014+02:00  INFO 3760 --- [transfer-service] [           main] liquibase.util                           : Run:                          1
2025-08-08T20:40:46.014+02:00  INFO 3760 --- [transfer-service] [           main] liquibase.util                           : Previously run:               0
2025-08-08T20:40:46.014+02:00  INFO 3760 --- [transfer-service] [           main] liquibase.util                           : Filtered out:                 0
2025-08-08T20:40:46.014+02:00  INFO 3760 --- [transfer-service] [           main] liquibase.util                           : -------------------------------
2025-08-08T20:40:46.014+02:00  INFO 3760 --- [transfer-service] [           main] liquibase.util                           : Total change sets:            1
2025-08-08T20:40:46.016+02:00  INFO 3760 --- [transfer-service] [           main] liquibase.util                           : Update summary generated
2025-08-08T20:40:46.024+02:00  INFO 3760 --- [transfer-service] [           main] liquibase.command                        : Update command completed successfully.
2025-08-08T20:40:46.024+02:00  INFO 3760 --- [transfer-service] [           main] liquibase.ui                             : Liquibase: Update has been successful. Rows affected: 1
2025-08-08T20:40:46.029+02:00  INFO 3760 --- [transfer-service] [           main] liquibase.lockservice                    : Successfully released change log lock
2025-08-08T20:40:46.031+02:00  INFO 3760 --- [transfer-service] [           main] liquibase.command                        : Command execution complete
2025-08-08T20:40:46.582+02:00  INFO 3760 --- [transfer-service] [           main] o.hibernate.jpa.internal.util.LogHelper  : HHH000204: Processing PersistenceUnitInfo [name: default]
2025-08-08T20:40:46.779+02:00  INFO 3760 --- [transfer-service] [           main] org.hibernate.Version                    : HHH000412: Hibernate ORM core version 6.6.22.Final
2025-08-08T20:40:46.896+02:00  INFO 3760 --- [transfer-service] [           main] o.h.c.internal.RegionFactoryInitiator    : HHH000026: Second-level cache disabled
2025-08-08T20:40:47.909+02:00  INFO 3760 --- [transfer-service] [           main] o.s.o.j.p.SpringPersistenceUnitInfo      : No LoadTimeWeaver setup: ignoring JPA class transformer
2025-08-08T20:40:48.188+02:00  INFO 3760 --- [transfer-service] [           main] org.hibernate.orm.connections.pooling    : HHH10001005: Database info:
	Database JDBC URL [Connecting through datasource 'HikariDataSource (HikariPool-1)']
	Database driver: undefined/unknown
	Database version: 2.3.232
	Autocommit mode: undefined/unknown
	Isolation level: undefined/unknown
	Minimum pool size: undefined/unknown
	Maximum pool size: undefined/unknown
2025-08-08T20:40:50.250+02:00  INFO 3760 --- [transfer-service] [           main] o.h.e.t.j.p.i.JtaPlatformInitiator       : HHH000489: No JTA platform available (set 'hibernate.transaction.jta.platform' to enable JTA platform integration)
2025-08-08T20:40:50.257+02:00  INFO 3760 --- [transfer-service] [           main] j.LocalContainerEntityManagerFactoryBean : Initialized JPA EntityManagerFactory for persistence unit 'default'
2025-08-08T20:40:50.849+02:00  WARN 3760 --- [transfer-service] [           main] JpaBaseConfiguration$JpaWebConfiguration : spring.jpa.open-in-view is enabled by default. Therefore, database queries may be performed during view rendering. Explicitly configure spring.jpa.open-in-view to disable this warning
2025-08-08T20:40:53.096+02:00  INFO 3760 --- [transfer-service] [           main] o.s.v.b.OptionalValidatorFactoryBean     : Failed to set up a Bean Validation provider: jakarta.validation.NoProviderFoundException: Unable to create a Configuration, because no Jakarta Bean Validation provider could be found. Add a provider like Hibernate Validator (RI) to your classpath.
2025-08-08T20:40:55.819+02:00  INFO 3760 --- [transfer-service] [           main] o.s.b.a.e.web.EndpointLinksResolver      : Exposing 1 endpoint beneath base path '/actuator'
2025-08-08T20:40:55.987+02:00  INFO 3760 --- [transfer-service] [           main] c.c.transfer_service.ApplicationTests    : Started ApplicationTests in 19.146 seconds (process running for 21.931)
]]></system-out>
    <system-err><![CDATA[Mockito is currently self-attaching to enable the inline-mock-maker. This will no longer work in future releases of the JDK. Please add Mockito as an agent to your build as described in Mockito's documentation: https://javadoc.io/doc/org.mockito/mockito-core/latest/org.mockito/org/mockito/Mockito.html#0.3
WARNING: A Java agent has been loaded dynamically (/Users/nkululekog/.m2/repository/net/bytebuddy/byte-buddy-agent/1.17.6/byte-buddy-agent-1.17.6.jar)
WARNING: If a serviceability tool is in use, please run with -XX:+EnableDynamicAgentLoading to hide this warning
WARNING: If a serviceability tool is not in use, please run with -Djdk.instrument.traceUsage for more information
WARNING: Dynamic loading of agents will be disallowed by default in a future release
]]></system-err>
  </testcase>
</testsuite>